<?xml version="1.0" encoding="UTF-8"?>
<coverage generated="1691321381172" clover="3.2.0">
  <project timestamp="1691321381173" name="All files">
    <metrics statements="24" coveredstatements="24" conditionals="3" coveredconditionals="3" methods="6" coveredmethods="6" elements="33" coveredelements="33" complexity="0" loc="24" ncloc="24" packages="1" files="2" classes="2"/>
    <file name="cart.ts" path="D:\task12\src\cart.ts">
      <metrics statements="14" coveredstatements="14" conditionals="3" coveredconditionals="3" methods="5" coveredmethods="5"/>
      <line num="2" count="1" type="stmt"/>
      <line num="3" count="3" type="stmt"/>
      <line num="17" count="3" type="stmt"/>
      <line num="22" count="1" type="stmt"/>
      <line num="23" count="2" type="cond" truecount="1" falsecount="0"/>
      <line num="24" count="2" type="stmt"/>
      <line num="27" count="1" type="stmt"/>
      <line num="30" count="1" type="stmt"/>
      <line num="31" count="2" type="cond" truecount="1" falsecount="0"/>
      <line num="32" count="2" type="stmt"/>
      <line num="35" count="1" type="stmt"/>
      <line num="38" count="1" type="stmt"/>
      <line num="39" count="1" type="cond" truecount="1" falsecount="0"/>
      <line num="40" count="1" type="stmt"/>
    </file>
    <file name="movie.ts" path="D:\task12\src\movie.ts">
      <metrics statements="10" coveredstatements="10" conditionals="0" coveredconditionals="0" methods="1" coveredmethods="1"/>
      <line num="1" count="1" type="stmt"/>
      <line num="21" count="1" type="stmt"/>
      <line num="22" count="1" type="stmt"/>
      <line num="23" count="1" type="stmt"/>
      <line num="24" count="1" type="stmt"/>
      <line num="25" count="1" type="stmt"/>
      <line num="26" count="1" type="stmt"/>
      <line num="27" count="1" type="stmt"/>
      <line num="28" count="1" type="stmt"/>
      <line num="29" count="1" type="stmt"/>
    </file>
  </project>
</coverage>
