{"D:\\task12\\src\\cart.ts": {"path":"D:\\task12\\src\\cart.ts","statementMap":{"0":{"start":{"line":3,"column":11},"end":{"line":16,"column":6}},"1":{"start":{"line":17,"column":4},"end":{"line":17,"column":20}},"2":{"start":{"line":22,"column":8},"end":{"line":26,"column":null}},"3":{"start":{"line":23,"column":12},"end":{"line":25,"column":null}},"4":{"start":{"line":24,"column":16},"end":{"line":24,"column":39}},"5":{"start":{"line":27,"column":8},"end":{"line":27,"column":24}},"6":{"start":{"line":30,"column":8},"end":{"line":34,"column":null}},"7":{"start":{"line":31,"column":12},"end":{"line":33,"column":null}},"8":{"start":{"line":32,"column":16},"end":{"line":32,"column":39}},"9":{"start":{"line":35,"column":8},"end":{"line":35,"column":65}},"10":{"start":{"line":38,"column":8},"end":{"line":42,"column":null}},"11":{"start":{"line":39,"column":12},"end":{"line":41,"column":null}},"12":{"start":{"line":40,"column":16},"end":{"line":40,"column":63}},"13":{"start":{"line":2,"column":0},"end":{"line":2,"column":21}}},"fnMap":{"0":{"name":"(anonymous_0)","decl":{"start":{"line":2,"column":0},"end":{"line":2,"column":21}},"loc":{"start":{"line":2,"column":0},"end":{"line":44,"column":1}}},"1":{"name":"(anonymous_1)","decl":{"start":{"line":21,"column":4},"end":{"line":21,"column":12}},"loc":{"start":{"line":21,"column":12},"end":{"line":28,"column":5}}},"2":{"name":"(anonymous_2)","decl":{"start":{"line":29,"column":4},"end":{"line":29,"column":19}},"loc":{"start":{"line":29,"column":36},"end":{"line":36,"column":5}}},"3":{"name":"(anonymous_3)","decl":{"start":{"line":37,"column":4},"end":{"line":37,"column":18}},"loc":{"start":{"line":37,"column":29},"end":{"line":43,"column":5}}},"4":{"name":"(anonymous_4)","decl":{"start":{"line":38,"column":27},"end":{"line":38,"column":28}},"loc":{"start":{"line":38,"column":36},"end":{"line":42,"column":9}}}},"branchMap":{"0":{"loc":{"start":{"line":23,"column":12},"end":{"line":25,"column":null}},"type":"if","locations":[{"start":{"line":23,"column":12},"end":{"line":25,"column":null}}]},"1":{"loc":{"start":{"line":31,"column":12},"end":{"line":33,"column":null}},"type":"if","locations":[{"start":{"line":31,"column":12},"end":{"line":33,"column":null}}]},"2":{"loc":{"start":{"line":39,"column":12},"end":{"line":41,"column":null}},"type":"if","locations":[{"start":{"line":39,"column":12},"end":{"line":41,"column":null}}]}},"s":{"0":3,"1":3,"2":1,"3":2,"4":2,"5":1,"6":1,"7":2,"8":2,"9":1,"10":1,"11":1,"12":1,"13":1},"f":{"0":3,"1":1,"2":1,"3":1,"4":1},"b":{"0":[2],"1":[2],"2":[1]}}
,"D:\\task12\\src\\movie.ts": {"path":"D:\\task12\\src\\movie.ts","statementMap":{"0":{"start":{"line":21,"column":8},"end":{"line":21,"column":21}},"1":{"start":{"line":22,"column":8},"end":{"line":22,"column":27}},"2":{"start":{"line":23,"column":8},"end":{"line":23,"column":27}},"3":{"start":{"line":24,"column":8},"end":{"line":24,"column":41}},"4":{"start":{"line":25,"column":8},"end":{"line":25,"column":25}},"5":{"start":{"line":26,"column":8},"end":{"line":26,"column":31}},"6":{"start":{"line":27,"column":8},"end":{"line":27,"column":29}},"7":{"start":{"line":28,"column":8},"end":{"line":28,"column":27}},"8":{"start":{"line":29,"column":8},"end":{"line":29,"column":39}},"9":{"start":{"line":1,"column":0},"end":{"line":1,"column":21}}},"fnMap":{"0":{"name":"(anonymous_0)","decl":{"start":{"line":11,"column":4},"end":{"line":11,"column":16}},"loc":{"start":{"line":19,"column":27},"end":{"line":31,"column":5}}}},"branchMap":{},"s":{"0":1,"1":1,"2":1,"3":1,"4":1,"5":1,"6":1,"7":1,"8":1,"9":1},"f":{"0":1},"b":{}}
}
