TN:
SF:src\cart.ts
FN:2,(anonymous_0)
FN:21,(anonymous_1)
FN:29,(anonymous_2)
FN:37,(anonymous_3)
FN:38,(anonymous_4)
FNF:5
FNH:5
FNDA:3,(anonymous_0)
FNDA:1,(anonymous_1)
FNDA:1,(anonymous_2)
FNDA:1,(anonymous_3)
FNDA:1,(anonymous_4)
DA:2,1
DA:3,3
DA:17,3
DA:22,1
DA:23,2
DA:24,2
DA:27,1
DA:30,1
DA:31,2
DA:32,2
DA:35,1
DA:38,1
DA:39,1
DA:40,1
LF:14
LH:14
BRDA:23,0,0,2
BRDA:31,1,0,2
BRDA:39,2,0,1
BRF:3
BRH:3
end_of_record
TN:
SF:src\movie.ts
FN:11,(anonymous_0)
FNF:1
FNH:1
FNDA:1,(anonymous_0)
DA:1,1
DA:21,1
DA:22,1
DA:23,1
DA:24,1
DA:25,1
DA:26,1
DA:27,1
DA:28,1
DA:29,1
LF:10
LH:10
BRF:0
BRH:0
end_of_record
